2023-09-24 09:18:46.213  INFO 14876 --- [restartedMain] cn.zwz.ZwzApplication                    : Starting ZwzApplication using Java 17.0.7 on PC-20230501YQCX with PID 14876 (E:\devEnvironment\IDEA_Programs\bill-system-8f154412ab3c7ef0cea51128658747db63c15c44\back\target\classes started by XinChen in E:\devEnvironment\IDEA_Programs\bill-system-8f154412ab3c7ef0cea51128658747db63c15c44)
2023-09-24 09:18:46.214  INFO 14876 --- [restartedMain] cn.zwz.ZwzApplication                    : No active profile set, falling back to default profiles: default
2023-09-24 09:18:46.246  INFO 14876 --- [restartedMain] .e.DevToolsPropertyDefaultsPostProcessor : Devtools property defaults active! Set 'spring.devtools.add-properties' to 'false' to disable
2023-09-24 09:18:46.247  INFO 14876 --- [restartedMain] .e.DevToolsPropertyDefaultsPostProcessor : For additional web related logging consider setting the 'logging.level.web' property to 'DEBUG'
2023-09-24 09:18:47.033  INFO 14876 --- [restartedMain] .s.d.r.c.RepositoryConfigurationDelegate : Multiple Spring Data modules found, entering strict repository configuration mode!
2023-09-24 09:18:47.035  INFO 14876 --- [restartedMain] .s.d.r.c.RepositoryConfigurationDelegate : Bootstrapping Spring Data JPA repositories in DEFAULT mode.
2023-09-24 09:18:47.237  INFO 14876 --- [restartedMain] .s.d.r.c.RepositoryConfigurationDelegate : Finished Spring Data repository scanning in 197 ms. Found 2 JPA repository interfaces.
2023-09-24 09:18:47.245  INFO 14876 --- [restartedMain] .s.d.r.c.RepositoryConfigurationDelegate : Multiple Spring Data modules found, entering strict repository configuration mode!
2023-09-24 09:18:47.246  INFO 14876 --- [restartedMain] .s.d.r.c.RepositoryConfigurationDelegate : Bootstrapping Spring Data Redis repositories in DEFAULT mode.
2023-09-24 09:18:47.265  INFO 14876 --- [restartedMain] .RepositoryConfigurationExtensionSupport : Spring Data Redis - Could not safely identify store assignment for repository candidate interface cn.zwz.data.dao.LogDao. If you want this repository to be a Redis repository, consider annotating your entities with one of these annotations: org.springframework.data.redis.core.RedisHash (preferred), or consider extending one of the following types with your repository: org.springframework.data.keyvalue.repository.KeyValueRepository.
2023-09-24 09:18:47.266  INFO 14876 --- [restartedMain] .RepositoryConfigurationExtensionSupport : Spring Data Redis - Could not safely identify store assignment for repository candidate interface cn.zwz.data.dao.UserDao. If you want this repository to be a Redis repository, consider annotating your entities with one of these annotations: org.springframework.data.redis.core.RedisHash (preferred), or consider extending one of the following types with your repository: org.springframework.data.keyvalue.repository.KeyValueRepository.
2023-09-24 09:18:47.266  INFO 14876 --- [restartedMain] .s.d.r.c.RepositoryConfigurationDelegate : Finished Spring Data repository scanning in 14 ms. Found 0 Redis repository interfaces.
2023-09-24 09:18:47.383  INFO 14876 --- [restartedMain] faultConfiguringBeanFactoryPostProcessor : No bean named 'errorChannel' has been explicitly defined. Therefore, a default PublishSubscribeChannel will be created.
2023-09-24 09:18:47.391  INFO 14876 --- [restartedMain] faultConfiguringBeanFactoryPostProcessor : No bean named 'integrationHeaderChannelRegistry' has been explicitly defined. Therefore, a default DefaultHeaderChannelRegistry will be created.
2023-09-24 09:18:47.552  INFO 14876 --- [restartedMain] ptablePropertiesBeanFactoryPostProcessor : Post-processing PropertySource instances
2023-09-24 09:18:47.553  INFO 14876 --- [restartedMain] c.u.j.EncryptablePropertySourceConverter : Skipping PropertySource configurationProperties [class org.springframework.boot.context.properties.source.ConfigurationPropertySourcesPropertySource
2023-09-24 09:18:47.554  INFO 14876 --- [restartedMain] c.u.j.EncryptablePropertySourceConverter : Skipping PropertySource servletConfigInitParams [class org.springframework.core.env.PropertySource$StubPropertySource
2023-09-24 09:18:47.554  INFO 14876 --- [restartedMain] c.u.j.EncryptablePropertySourceConverter : Skipping PropertySource servletContextInitParams [class org.springframework.core.env.PropertySource$StubPropertySource
2023-09-24 09:18:47.555  INFO 14876 --- [restartedMain] c.u.j.EncryptablePropertySourceConverter : Converting PropertySource systemProperties [org.springframework.core.env.PropertiesPropertySource] to EncryptableMapPropertySourceWrapper
2023-09-24 09:18:47.555  INFO 14876 --- [restartedMain] c.u.j.EncryptablePropertySourceConverter : Converting PropertySource systemEnvironment [org.springframework.boot.env.SystemEnvironmentPropertySourceEnvironmentPostProcessor$OriginAwareSystemEnvironmentPropertySource] to EncryptableSystemEnvironmentPropertySourceWrapper
2023-09-24 09:18:47.555  INFO 14876 --- [restartedMain] c.u.j.EncryptablePropertySourceConverter : Converting PropertySource random [org.springframework.boot.env.RandomValuePropertySource] to EncryptablePropertySourceWrapper
2023-09-24 09:18:47.555  INFO 14876 --- [restartedMain] c.u.j.EncryptablePropertySourceConverter : Converting PropertySource Config resource 'class path resource [application.yml]' via location 'optional:classpath:/' [org.springframework.boot.env.OriginTrackedMapPropertySource] to EncryptableMapPropertySourceWrapper
2023-09-24 09:18:47.555  INFO 14876 --- [restartedMain] c.u.j.EncryptablePropertySourceConverter : Converting PropertySource devtools [org.springframework.core.env.MapPropertySource] to EncryptableMapPropertySourceWrapper
2023-09-24 09:18:47.746  INFO 14876 --- [restartedMain] trationDelegate$BeanPostProcessorChecker : Bean 'redisExceptionThrowsConfig' of type [cn.zwz.basics.redis.RedisExceptionThrowsConfig$$EnhancerBySpringCGLIB$$62d54f53] is not eligible for getting processed by all BeanPostProcessors (for example: not eligible for auto-proxying)
2023-09-24 09:18:47.793  INFO 14876 --- [restartedMain] trationDelegate$BeanPostProcessorChecker : Bean 'org.springframework.integration.config.IntegrationManagementConfiguration' of type [org.springframework.integration.config.IntegrationManagementConfiguration] is not eligible for getting processed by all BeanPostProcessors (for example: not eligible for auto-proxying)
2023-09-24 09:18:47.806  INFO 14876 --- [restartedMain] trationDelegate$BeanPostProcessorChecker : Bean 'integrationChannelResolver' of type [org.springframework.integration.support.channel.BeanFactoryChannelResolver] is not eligible for getting processed by all BeanPostProcessors (for example: not eligible for auto-proxying)
2023-09-24 09:18:47.893  INFO 14876 --- [restartedMain] c.u.j.filter.DefaultLazyPropertyFilter   : Property Filter custom Bean not found with name 'encryptablePropertyFilter'. Initializing Default Property Filter
2023-09-24 09:18:47.900  INFO 14876 --- [restartedMain] c.u.j.r.DefaultLazyPropertyResolver      : Property Resolver custom Bean not found with name 'encryptablePropertyResolver'. Initializing Default Property Resolver
2023-09-24 09:18:47.901  INFO 14876 --- [restartedMain] c.u.j.d.DefaultLazyPropertyDetector      : Property Detector custom Bean not found with name 'encryptablePropertyDetector'. Initializing Default Property Detector
2023-09-24 09:18:48.068  INFO 14876 --- [restartedMain] o.s.b.w.embedded.tomcat.TomcatWebServer  : Tomcat initialized with port(s): 8081 (http)
2023-09-24 09:18:48.075  INFO 14876 --- [restartedMain] o.apache.catalina.core.StandardService   : Starting service [Tomcat]
2023-09-24 09:18:48.076  INFO 14876 --- [restartedMain] org.apache.catalina.core.StandardEngine  : Starting Servlet engine: [Apache Tomcat/9.0.56]
2023-09-24 09:18:48.142  INFO 14876 --- [restartedMain] o.a.c.c.C.[Tomcat].[localhost].[/]       : Initializing Spring embedded WebApplicationContext
2023-09-24 09:18:48.142  INFO 14876 --- [restartedMain] w.s.c.ServletWebServerApplicationContext : Root WebApplicationContext: initialization completed in 1895 ms
2023-09-24 09:18:48.363  INFO 14876 --- [restartedMain] c.a.d.s.b.a.DruidDataSourceAutoConfigure : Init DruidDataSource
2023-09-24 09:18:48.470  INFO 14876 --- [restartedMain] com.alibaba.druid.pool.DruidDataSource   : {dataSource-1} inited
2023-09-24 09:18:48.712  INFO 14876 --- [restartedMain] org.redisson.Version                     : Redisson 3.16.8
2023-09-24 09:18:48.943  INFO 14876 --- [redisson-netty-2-14] o.r.c.pool.MasterPubSubConnectionPool    : 1 connections initialized for localhost/127.0.0.1:6379
2023-09-24 09:18:48.964  INFO 14876 --- [redisson-netty-2-16] o.r.c.pool.MasterConnectionPool          : 24 connections initialized for localhost/127.0.0.1:6379
2023-09-24 09:18:49.287  INFO 14876 --- [restartedMain] c.z.basics.baseClass.BeansConfiguration  : 初始化PathMatcher成功
2023-09-24 09:18:49.295  WARN 14876 --- [restartedMain] c.z.b.s.p.MyFilterSecurityInterceptor    : Could not validate configuration attributes as the SecurityMetadataSource did not return any attributes from getAllConfigAttributes()
2023-09-24 09:18:49.426  INFO 14876 --- [restartedMain] o.hibernate.jpa.internal.util.LogHelper  : HHH000204: Processing PersistenceUnitInfo [name: default]
2023-09-24 09:18:49.460  INFO 14876 --- [restartedMain] org.hibernate.Version                    : HHH000412: Hibernate ORM core version 5.6.4.Final
2023-09-24 09:18:49.569  INFO 14876 --- [restartedMain] o.hibernate.annotations.common.Version   : HCANN000001: Hibernate Commons Annotations {5.1.2.Final}
2023-09-24 09:18:49.739  INFO 14876 --- [restartedMain] org.hibernate.dialect.Dialect            : HHH000400: Using dialect: org.hibernate.dialect.MySQL8Dialect
2023-09-24 09:18:50.372  INFO 14876 --- [restartedMain] o.h.e.t.j.p.i.JtaPlatformInitiator       : HHH000490: Using JtaPlatform implementation: [org.hibernate.engine.transaction.jta.platform.internal.NoJtaPlatform]
2023-09-24 09:18:50.378  INFO 14876 --- [restartedMain] j.LocalContainerEntityManagerFactoryBean : Initialized JPA EntityManagerFactory for persistence unit 'default'
2023-09-24 09:18:50.756  WARN 14876 --- [restartedMain] JpaBaseConfiguration$JpaWebConfiguration : spring.jpa.open-in-view is enabled by default. Therefore, database queries may be performed during view rendering. Explicitly configure spring.jpa.open-in-view to disable this warning
2023-09-24 09:18:51.231  INFO 14876 --- [restartedMain] c.z.basics.baseClass.BeansConfiguration  : 初始化线程池成功
2023-09-24 09:18:51.465  INFO 14876 --- [restartedMain] c.z.basics.redis.InterceptConfiguration  : 拦截器加载成功
2023-09-24 09:18:52.119  INFO 14876 --- [restartedMain] o.s.b.a.e.web.EndpointLinksResolver      : Exposing 15 endpoint(s) beneath base path '/zwz/actuator'
2023-09-24 09:18:52.145  INFO 14876 --- [restartedMain] o.s.s.web.DefaultSecurityFilterChain     : Will secure any request with [org.springframework.security.web.context.request.async.WebAsyncManagerIntegrationFilter@4a5a3796, org.springframework.security.web.context.SecurityContextPersistenceFilter@5fb80ee3, org.springframework.security.web.header.HeaderWriterFilter@5dc1bdef, org.springframework.web.filter.CorsFilter@3e8f7e52, org.springframework.security.web.authentication.logout.LogoutFilter@468d8b1c, cn.zwz.basics.security.validate.ImageValidateFilter$$EnhancerBySpringCGLIB$$80878bb2@269038e3, org.springframework.security.web.authentication.UsernamePasswordAuthenticationFilter@4848a384, cn.zwz.basics.security.jwt.JwtRoleFilter@75896057, org.springframework.security.web.savedrequest.RequestCacheAwareFilter@606ca316, org.springframework.security.web.servletapi.SecurityContextHolderAwareRequestFilter@1713064, org.springframework.security.web.authentication.AnonymousAuthenticationFilter@32b09ebc, org.springframework.security.web.session.SessionManagementFilter@1ff6f7eb, org.springframework.security.web.access.ExceptionTranslationFilter@3e6550d2, cn.zwz.basics.security.permission.MyFilterSecurityInterceptor@53e1842f, org.springframework.security.web.access.intercept.FilterSecurityInterceptor@5bf45efb]
2023-09-24 09:18:52.196  INFO 14876 --- [restartedMain] o.s.b.d.a.OptionalLiveReloadServer       : LiveReload server is running on port 35729
2023-09-24 09:18:52.346  INFO 14876 --- [restartedMain] o.s.i.endpoint.EventDrivenConsumer       : Adding {logging-channel-adapter:_org.springframework.integration.errorLogger} as a subscriber to the 'errorChannel' channel
2023-09-24 09:18:52.347  INFO 14876 --- [restartedMain] o.s.i.channel.PublishSubscribeChannel    : Channel 'application.errorChannel' has 1 subscriber(s).
2023-09-24 09:18:52.347  INFO 14876 --- [restartedMain] o.s.i.endpoint.EventDrivenConsumer       : started bean '_org.springframework.integration.errorLogger'
2023-09-24 09:18:52.355  INFO 14876 --- [restartedMain] o.s.b.w.embedded.tomcat.TomcatWebServer  : Tomcat started on port(s): 8081 (http) with context path ''
2023-09-24 09:18:52.356  INFO 14876 --- [restartedMain] u.j.c.RefreshScopeRefreshedEventListener : Refreshing cached encryptable property sources on ServletWebServerInitializedEvent
2023-09-24 09:18:52.356  INFO 14876 --- [restartedMain] CachingDelegateEncryptablePropertySource : Property Source systemProperties refreshed
2023-09-24 09:18:52.356  INFO 14876 --- [restartedMain] CachingDelegateEncryptablePropertySource : Property Source systemEnvironment refreshed
2023-09-24 09:18:52.356  INFO 14876 --- [restartedMain] CachingDelegateEncryptablePropertySource : Property Source random refreshed
2023-09-24 09:18:52.356  INFO 14876 --- [restartedMain] CachingDelegateEncryptablePropertySource : Property Source Config resource 'class path resource [application.yml]' via location 'optional:classpath:/' refreshed
2023-09-24 09:18:52.356  INFO 14876 --- [restartedMain] CachingDelegateEncryptablePropertySource : Property Source devtools refreshed
2023-09-24 09:18:52.356  INFO 14876 --- [restartedMain] c.u.j.EncryptablePropertySourceConverter : Converting PropertySource server.ports [org.springframework.core.env.MapPropertySource] to EncryptableMapPropertySourceWrapper
2023-09-24 09:18:52.356  INFO 14876 --- [restartedMain] c.u.j.EncryptablePropertySourceConverter : Skipping PropertySource configurationProperties [class org.springframework.boot.context.properties.source.ConfigurationPropertySourcesPropertySource
2023-09-24 09:18:52.356  INFO 14876 --- [restartedMain] c.u.j.EncryptablePropertySourceConverter : Skipping PropertySource servletConfigInitParams [class org.springframework.core.env.PropertySource$StubPropertySource
2023-09-24 09:18:52.356  INFO 14876 --- [restartedMain] c.u.j.EncryptablePropertySourceConverter : Converting PropertySource servletContextInitParams [org.springframework.web.context.support.ServletContextPropertySource] to EncryptableEnumerablePropertySourceWrapper
2023-09-24 09:18:52.356  INFO 14876 --- [restartedMain] c.u.j.EncryptablePropertySourceConverter : Converting PropertySource Management Server [org.springframework.boot.actuate.autoconfigure.web.server.ManagementContextAutoConfiguration$SameManagementContextConfiguration$1] to EncryptablePropertySourceWrapper
2023-09-24 09:18:52.385  INFO 14876 --- [restartedMain] cn.zwz.ZwzApplication                    : Started ZwzApplication in 6.425 seconds (JVM running for 7.32)
2023-09-24 09:18:52.926  INFO 14876 --- [RMI TCP Connection(4)-172.31.20.51] o.a.c.c.C.[Tomcat].[localhost].[/]       : Initializing Spring DispatcherServlet 'dispatcherServlet'
2023-09-24 09:18:52.926  INFO 14876 --- [RMI TCP Connection(4)-172.31.20.51] o.s.web.servlet.DispatcherServlet        : Initializing Servlet 'dispatcherServlet'
2023-09-24 09:18:52.927  INFO 14876 --- [RMI TCP Connection(4)-172.31.20.51] o.s.web.servlet.DispatcherServlet        : Completed initialization in 1 ms
2023-09-24 09:42:48.527  WARN 14876 --- [http-nio-8081-exec-1] c.a.druid.pool.DruidAbstractDataSource   : discard long time none received connection. , jdbcUrl : jdbc:mysql://127.0.0.1:3306/bill?useUnicode=true&characterEncoding=utf-8&useSSL=false&allowPublicKeyRetrieval=true&allowMultiQueries=true, version : 1.2.8, lastPacketReceivedIdleMillis : 1438152
2023-09-24 11:52:53.685  WARN 14876 --- [http-nio-8081-exec-13] c.a.druid.pool.DruidAbstractDataSource   : discard long time none received connection. , jdbcUrl : jdbc:mysql://127.0.0.1:3306/bill?useUnicode=true&characterEncoding=utf-8&useSSL=false&allowPublicKeyRetrieval=true&allowMultiQueries=true, version : 1.2.8, lastPacketReceivedIdleMillis : 116595
2023-09-24 11:52:53.686  WARN 14876 --- [http-nio-8081-exec-13] c.a.druid.pool.DruidAbstractDataSource   : discard long time none received connection. , jdbcUrl : jdbc:mysql://127.0.0.1:3306/bill?useUnicode=true&characterEncoding=utf-8&useSSL=false&allowPublicKeyRetrieval=true&allowMultiQueries=true, version : 1.2.8, lastPacketReceivedIdleMillis : 137763
2023-09-24 11:52:53.686  WARN 14876 --- [http-nio-8081-exec-14] c.a.druid.pool.DruidAbstractDataSource   : discard long time none received connection. , jdbcUrl : jdbc:mysql://127.0.0.1:3306/bill?useUnicode=true&characterEncoding=utf-8&useSSL=false&allowPublicKeyRetrieval=true&allowMultiQueries=true, version : 1.2.8, lastPacketReceivedIdleMillis : 116855
2023-09-24 11:54:38.983  WARN 14876 --- [http-nio-8081-exec-21] c.a.druid.pool.DruidAbstractDataSource   : discard long time none received connection. , jdbcUrl : jdbc:mysql://127.0.0.1:3306/bill?useUnicode=true&characterEncoding=utf-8&useSSL=false&allowPublicKeyRetrieval=true&allowMultiQueries=true, version : 1.2.8, lastPacketReceivedIdleMillis : 99275
2023-09-24 11:54:38.983  WARN 14876 --- [http-nio-8081-exec-21] c.a.druid.pool.DruidAbstractDataSource   : discard long time none received connection. , jdbcUrl : jdbc:mysql://127.0.0.1:3306/bill?useUnicode=true&characterEncoding=utf-8&useSSL=false&allowPublicKeyRetrieval=true&allowMultiQueries=true, version : 1.2.8, lastPacketReceivedIdleMillis : 99768
2023-09-24 11:57:23.694  WARN 14876 --- [http-nio-8081-exec-1] c.a.druid.pool.DruidAbstractDataSource   : discard long time none received connection. , jdbcUrl : jdbc:mysql://127.0.0.1:3306/bill?useUnicode=true&characterEncoding=utf-8&useSSL=false&allowPublicKeyRetrieval=true&allowMultiQueries=true, version : 1.2.8, lastPacketReceivedIdleMillis : 155881
2023-09-24 11:57:23.694  WARN 14876 --- [http-nio-8081-exec-1] c.a.druid.pool.DruidAbstractDataSource   : discard long time none received connection. , jdbcUrl : jdbc:mysql://127.0.0.1:3306/bill?useUnicode=true&characterEncoding=utf-8&useSSL=false&allowPublicKeyRetrieval=true&allowMultiQueries=true, version : 1.2.8, lastPacketReceivedIdleMillis : 156036
2023-09-24 11:58:28.287  WARN 14876 --- [http-nio-8081-exec-10] c.a.druid.pool.DruidAbstractDataSource   : discard long time none received connection. , jdbcUrl : jdbc:mysql://127.0.0.1:3306/bill?useUnicode=true&characterEncoding=utf-8&useSSL=false&allowPublicKeyRetrieval=true&allowMultiQueries=true, version : 1.2.8, lastPacketReceivedIdleMillis : 60418
2023-09-24 12:05:50.290  WARN 14876 --- [http-nio-8081-exec-21] c.a.druid.pool.DruidAbstractDataSource   : discard long time none received connection. , jdbcUrl : jdbc:mysql://127.0.0.1:3306/bill?useUnicode=true&characterEncoding=utf-8&useSSL=false&allowPublicKeyRetrieval=true&allowMultiQueries=true, version : 1.2.8, lastPacketReceivedIdleMillis : 421721
2023-09-24 12:05:50.290  WARN 14876 --- [http-nio-8081-exec-21] c.a.druid.pool.DruidAbstractDataSource   : discard long time none received connection. , jdbcUrl : jdbc:mysql://127.0.0.1:3306/bill?useUnicode=true&characterEncoding=utf-8&useSSL=false&allowPublicKeyRetrieval=true&allowMultiQueries=true, version : 1.2.8, lastPacketReceivedIdleMillis : 433260
2023-09-24 12:07:54.321  WARN 14876 --- [http-nio-8081-exec-18] c.a.druid.pool.DruidAbstractDataSource   : discard long time none received connection. , jdbcUrl : jdbc:mysql://127.0.0.1:3306/bill?useUnicode=true&characterEncoding=utf-8&useSSL=false&allowPublicKeyRetrieval=true&allowMultiQueries=true, version : 1.2.8, lastPacketReceivedIdleMillis : 64169
2023-09-24 12:07:54.321  WARN 14876 --- [http-nio-8081-exec-17] c.a.druid.pool.DruidAbstractDataSource   : discard long time none received connection. , jdbcUrl : jdbc:mysql://127.0.0.1:3306/bill?useUnicode=true&characterEncoding=utf-8&useSSL=false&allowPublicKeyRetrieval=true&allowMultiQueries=true, version : 1.2.8, lastPacketReceivedIdleMillis : 72337
2023-09-24 12:10:32.691  INFO 14876 --- [SpringApplicationShutdownHook] o.s.b.w.e.tomcat.GracefulShutdown        : Commencing graceful shutdown. Waiting for active requests to complete
2023-09-24 12:10:32.698  INFO 14876 --- [tomcat-shutdown] o.s.b.w.e.tomcat.GracefulShutdown        : Graceful shutdown complete
2023-09-24 12:10:32.719  INFO 14876 --- [SpringApplicationShutdownHook] o.s.i.endpoint.EventDrivenConsumer       : Removing {logging-channel-adapter:_org.springframework.integration.errorLogger} as a subscriber to the 'errorChannel' channel
2023-09-24 12:10:32.719  INFO 14876 --- [SpringApplicationShutdownHook] o.s.i.channel.PublishSubscribeChannel    : Channel 'application.errorChannel' has 0 subscriber(s).
2023-09-24 12:10:32.720  INFO 14876 --- [SpringApplicationShutdownHook] o.s.i.endpoint.EventDrivenConsumer       : stopped bean '_org.springframework.integration.errorLogger'
2023-09-24 12:10:32.726  INFO 14876 --- [SpringApplicationShutdownHook] j.LocalContainerEntityManagerFactoryBean : Closing JPA EntityManagerFactory for persistence unit 'default'
2023-09-24 12:10:32.736  INFO 14876 --- [SpringApplicationShutdownHook] com.alibaba.druid.pool.DruidDataSource   : {dataSource-1} closing ...
2023-09-24 12:10:32.738  INFO 14876 --- [SpringApplicationShutdownHook] com.alibaba.druid.pool.DruidDataSource   : {dataSource-1} closed
2023-09-24 12:16:18.554  INFO 16960 --- [restartedMain] cn.zwz.ZwzApplication                    : Starting ZwzApplication using Java 17.0.7 on PC-20230501YQCX with PID 16960 (E:\devEnvironment\IDEA_Programs\bill-system-8f154412ab3c7ef0cea51128658747db63c15c44\back\target\classes started by XinChen in E:\devEnvironment\IDEA_Programs\bill-system-8f154412ab3c7ef0cea51128658747db63c15c44)
2023-09-24 12:16:18.555  INFO 16960 --- [restartedMain] cn.zwz.ZwzApplication                    : No active profile set, falling back to default profiles: default
2023-09-24 12:16:18.588  INFO 16960 --- [restartedMain] .e.DevToolsPropertyDefaultsPostProcessor : Devtools property defaults active! Set 'spring.devtools.add-properties' to 'false' to disable
2023-09-24 12:16:18.588  INFO 16960 --- [restartedMain] .e.DevToolsPropertyDefaultsPostProcessor : For additional web related logging consider setting the 'logging.level.web' property to 'DEBUG'
2023-09-24 12:16:19.386  INFO 16960 --- [restartedMain] .s.d.r.c.RepositoryConfigurationDelegate : Multiple Spring Data modules found, entering strict repository configuration mode!
2023-09-24 12:16:19.387  INFO 16960 --- [restartedMain] .s.d.r.c.RepositoryConfigurationDelegate : Bootstrapping Spring Data JPA repositories in DEFAULT mode.
2023-09-24 12:16:19.585  INFO 16960 --- [restartedMain] .s.d.r.c.RepositoryConfigurationDelegate : Finished Spring Data repository scanning in 193 ms. Found 2 JPA repository interfaces.
2023-09-24 12:16:19.592  INFO 16960 --- [restartedMain] .s.d.r.c.RepositoryConfigurationDelegate : Multiple Spring Data modules found, entering strict repository configuration mode!
2023-09-24 12:16:19.593  INFO 16960 --- [restartedMain] .s.d.r.c.RepositoryConfigurationDelegate : Bootstrapping Spring Data Redis repositories in DEFAULT mode.
2023-09-24 12:16:19.613  INFO 16960 --- [restartedMain] .RepositoryConfigurationExtensionSupport : Spring Data Redis - Could not safely identify store assignment for repository candidate interface cn.zwz.data.dao.LogDao. If you want this repository to be a Redis repository, consider annotating your entities with one of these annotations: org.springframework.data.redis.core.RedisHash (preferred), or consider extending one of the following types with your repository: org.springframework.data.keyvalue.repository.KeyValueRepository.
2023-09-24 12:16:19.613  INFO 16960 --- [restartedMain] .RepositoryConfigurationExtensionSupport : Spring Data Redis - Could not safely identify store assignment for repository candidate interface cn.zwz.data.dao.UserDao. If you want this repository to be a Redis repository, consider annotating your entities with one of these annotations: org.springframework.data.redis.core.RedisHash (preferred), or consider extending one of the following types with your repository: org.springframework.data.keyvalue.repository.KeyValueRepository.
2023-09-24 12:16:19.614  INFO 16960 --- [restartedMain] .s.d.r.c.RepositoryConfigurationDelegate : Finished Spring Data repository scanning in 15 ms. Found 0 Redis repository interfaces.
2023-09-24 12:16:19.714  INFO 16960 --- [restartedMain] faultConfiguringBeanFactoryPostProcessor : No bean named 'errorChannel' has been explicitly defined. Therefore, a default PublishSubscribeChannel will be created.
2023-09-24 12:16:19.722  INFO 16960 --- [restartedMain] faultConfiguringBeanFactoryPostProcessor : No bean named 'integrationHeaderChannelRegistry' has been explicitly defined. Therefore, a default DefaultHeaderChannelRegistry will be created.
2023-09-24 12:16:19.872  INFO 16960 --- [restartedMain] ptablePropertiesBeanFactoryPostProcessor : Post-processing PropertySource instances
2023-09-24 12:16:19.872  INFO 16960 --- [restartedMain] c.u.j.EncryptablePropertySourceConverter : Skipping PropertySource configurationProperties [class org.springframework.boot.context.properties.source.ConfigurationPropertySourcesPropertySource
2023-09-24 12:16:19.873  INFO 16960 --- [restartedMain] c.u.j.EncryptablePropertySourceConverter : Skipping PropertySource servletConfigInitParams [class org.springframework.core.env.PropertySource$StubPropertySource
2023-09-24 12:16:19.874  INFO 16960 --- [restartedMain] c.u.j.EncryptablePropertySourceConverter : Skipping PropertySource servletContextInitParams [class org.springframework.core.env.PropertySource$StubPropertySource
2023-09-24 12:16:19.874  INFO 16960 --- [restartedMain] c.u.j.EncryptablePropertySourceConverter : Converting PropertySource systemProperties [org.springframework.core.env.PropertiesPropertySource] to EncryptableMapPropertySourceWrapper
2023-09-24 12:16:19.874  INFO 16960 --- [restartedMain] c.u.j.EncryptablePropertySourceConverter : Converting PropertySource systemEnvironment [org.springframework.boot.env.SystemEnvironmentPropertySourceEnvironmentPostProcessor$OriginAwareSystemEnvironmentPropertySource] to EncryptableSystemEnvironmentPropertySourceWrapper
2023-09-24 12:16:19.874  INFO 16960 --- [restartedMain] c.u.j.EncryptablePropertySourceConverter : Converting PropertySource random [org.springframework.boot.env.RandomValuePropertySource] to EncryptablePropertySourceWrapper
2023-09-24 12:16:19.875  INFO 16960 --- [restartedMain] c.u.j.EncryptablePropertySourceConverter : Converting PropertySource Config resource 'class path resource [application.yml]' via location 'optional:classpath:/' [org.springframework.boot.env.OriginTrackedMapPropertySource] to EncryptableMapPropertySourceWrapper
2023-09-24 12:16:19.875  INFO 16960 --- [restartedMain] c.u.j.EncryptablePropertySourceConverter : Converting PropertySource devtools [org.springframework.core.env.MapPropertySource] to EncryptableMapPropertySourceWrapper
2023-09-24 12:16:20.066  INFO 16960 --- [restartedMain] trationDelegate$BeanPostProcessorChecker : Bean 'redisExceptionThrowsConfig' of type [cn.zwz.basics.redis.RedisExceptionThrowsConfig$$EnhancerBySpringCGLIB$$e5a63b3f] is not eligible for getting processed by all BeanPostProcessors (for example: not eligible for auto-proxying)
2023-09-24 12:16:20.111  INFO 16960 --- [restartedMain] trationDelegate$BeanPostProcessorChecker : Bean 'org.springframework.integration.config.IntegrationManagementConfiguration' of type [org.springframework.integration.config.IntegrationManagementConfiguration] is not eligible for getting processed by all BeanPostProcessors (for example: not eligible for auto-proxying)
2023-09-24 12:16:20.121  INFO 16960 --- [restartedMain] trationDelegate$BeanPostProcessorChecker : Bean 'integrationChannelResolver' of type [org.springframework.integration.support.channel.BeanFactoryChannelResolver] is not eligible for getting processed by all BeanPostProcessors (for example: not eligible for auto-proxying)
2023-09-24 12:16:20.198  INFO 16960 --- [restartedMain] c.u.j.filter.DefaultLazyPropertyFilter   : Property Filter custom Bean not found with name 'encryptablePropertyFilter'. Initializing Default Property Filter
2023-09-24 12:16:20.204  INFO 16960 --- [restartedMain] c.u.j.r.DefaultLazyPropertyResolver      : Property Resolver custom Bean not found with name 'encryptablePropertyResolver'. Initializing Default Property Resolver
2023-09-24 12:16:20.206  INFO 16960 --- [restartedMain] c.u.j.d.DefaultLazyPropertyDetector      : Property Detector custom Bean not found with name 'encryptablePropertyDetector'. Initializing Default Property Detector
2023-09-24 12:16:20.377  INFO 16960 --- [restartedMain] o.s.b.w.embedded.tomcat.TomcatWebServer  : Tomcat initialized with port(s): 8081 (http)
2023-09-24 12:16:20.384  INFO 16960 --- [restartedMain] o.apache.catalina.core.StandardService   : Starting service [Tomcat]
2023-09-24 12:16:20.384  INFO 16960 --- [restartedMain] org.apache.catalina.core.StandardEngine  : Starting Servlet engine: [Apache Tomcat/9.0.56]
2023-09-24 12:16:20.446  INFO 16960 --- [restartedMain] o.a.c.c.C.[Tomcat].[localhost].[/]       : Initializing Spring embedded WebApplicationContext
2023-09-24 12:16:20.446  INFO 16960 --- [restartedMain] w.s.c.ServletWebServerApplicationContext : Root WebApplicationContext: initialization completed in 1858 ms
2023-09-24 12:16:20.660  INFO 16960 --- [restartedMain] c.a.d.s.b.a.DruidDataSourceAutoConfigure : Init DruidDataSource
2023-09-24 12:16:20.766  INFO 16960 --- [restartedMain] com.alibaba.druid.pool.DruidDataSource   : {dataSource-1} inited
2023-09-24 12:16:20.981  INFO 16960 --- [restartedMain] org.redisson.Version                     : Redisson 3.16.8
2023-09-24 12:16:21.173  INFO 16960 --- [redisson-netty-2-14] o.r.c.pool.MasterPubSubConnectionPool    : 1 connections initialized for localhost/127.0.0.1:6379
2023-09-24 12:16:21.197  INFO 16960 --- [redisson-netty-2-20] o.r.c.pool.MasterConnectionPool          : 24 connections initialized for localhost/127.0.0.1:6379
2023-09-24 12:16:21.525  INFO 16960 --- [restartedMain] c.z.basics.baseClass.BeansConfiguration  : 初始化PathMatcher成功
2023-09-24 12:16:21.529  WARN 16960 --- [restartedMain] c.z.b.s.p.MyFilterSecurityInterceptor    : Could not validate configuration attributes as the SecurityMetadataSource did not return any attributes from getAllConfigAttributes()
2023-09-24 12:16:21.639  INFO 16960 --- [restartedMain] o.hibernate.jpa.internal.util.LogHelper  : HHH000204: Processing PersistenceUnitInfo [name: default]
2023-09-24 12:16:21.672  INFO 16960 --- [restartedMain] org.hibernate.Version                    : HHH000412: Hibernate ORM core version 5.6.4.Final
2023-09-24 12:16:21.787  INFO 16960 --- [restartedMain] o.hibernate.annotations.common.Version   : HCANN000001: Hibernate Commons Annotations {5.1.2.Final}
2023-09-24 12:16:21.953  INFO 16960 --- [restartedMain] org.hibernate.dialect.Dialect            : HHH000400: Using dialect: org.hibernate.dialect.MySQL8Dialect
2023-09-24 12:16:22.582  INFO 16960 --- [restartedMain] o.h.e.t.j.p.i.JtaPlatformInitiator       : HHH000490: Using JtaPlatform implementation: [org.hibernate.engine.transaction.jta.platform.internal.NoJtaPlatform]
2023-09-24 12:16:22.588  INFO 16960 --- [restartedMain] j.LocalContainerEntityManagerFactoryBean : Initialized JPA EntityManagerFactory for persistence unit 'default'
2023-09-24 12:16:22.996  WARN 16960 --- [restartedMain] JpaBaseConfiguration$JpaWebConfiguration : spring.jpa.open-in-view is enabled by default. Therefore, database queries may be performed during view rendering. Explicitly configure spring.jpa.open-in-view to disable this warning
2023-09-24 12:16:23.482  INFO 16960 --- [restartedMain] c.z.basics.baseClass.BeansConfiguration  : 初始化线程池成功
2023-09-24 12:16:23.699  INFO 16960 --- [restartedMain] c.z.basics.redis.InterceptConfiguration  : 拦截器加载成功
2023-09-24 12:16:24.419  INFO 16960 --- [restartedMain] o.s.b.a.e.web.EndpointLinksResolver      : Exposing 15 endpoint(s) beneath base path '/zwz/actuator'
2023-09-24 12:16:24.444  INFO 16960 --- [restartedMain] o.s.s.web.DefaultSecurityFilterChain     : Will secure any request with [org.springframework.security.web.context.request.async.WebAsyncManagerIntegrationFilter@569c490, org.springframework.security.web.context.SecurityContextPersistenceFilter@1750cb75, org.springframework.security.web.header.HeaderWriterFilter@2b5fd527, org.springframework.web.filter.CorsFilter@260c3e44, org.springframework.security.web.authentication.logout.LogoutFilter@388bab3e, cn.zwz.basics.security.validate.ImageValidateFilter$$EnhancerBySpringCGLIB$$358779e@360acb80, org.springframework.security.web.authentication.UsernamePasswordAuthenticationFilter@6a66259a, cn.zwz.basics.security.jwt.JwtRoleFilter@4a5a3796, org.springframework.security.web.savedrequest.RequestCacheAwareFilter@5a103580, org.springframework.security.web.servletapi.SecurityContextHolderAwareRequestFilter@72d04202, org.springframework.security.web.authentication.AnonymousAuthenticationFilter@3e8f7e52, org.springframework.security.web.session.SessionManagementFilter@749b11de, org.springframework.security.web.access.ExceptionTranslationFilter@53846cc1, cn.zwz.basics.security.permission.MyFilterSecurityInterceptor@25bbbb2e, org.springframework.security.web.access.intercept.FilterSecurityInterceptor@4489ddcc]
2023-09-24 12:16:24.494  INFO 16960 --- [restartedMain] o.s.b.d.a.OptionalLiveReloadServer       : LiveReload server is running on port 35729
2023-09-24 12:16:24.661  INFO 16960 --- [restartedMain] o.s.i.endpoint.EventDrivenConsumer       : Adding {logging-channel-adapter:_org.springframework.integration.errorLogger} as a subscriber to the 'errorChannel' channel
2023-09-24 12:16:24.661  INFO 16960 --- [restartedMain] o.s.i.channel.PublishSubscribeChannel    : Channel 'application.errorChannel' has 1 subscriber(s).
2023-09-24 12:16:24.662  INFO 16960 --- [restartedMain] o.s.i.endpoint.EventDrivenConsumer       : started bean '_org.springframework.integration.errorLogger'
2023-09-24 12:16:24.671  INFO 16960 --- [restartedMain] o.s.b.w.embedded.tomcat.TomcatWebServer  : Tomcat started on port(s): 8081 (http) with context path ''
2023-09-24 12:16:24.672  INFO 16960 --- [restartedMain] u.j.c.RefreshScopeRefreshedEventListener : Refreshing cached encryptable property sources on ServletWebServerInitializedEvent
2023-09-24 12:16:24.672  INFO 16960 --- [restartedMain] CachingDelegateEncryptablePropertySource : Property Source systemProperties refreshed
2023-09-24 12:16:24.673  INFO 16960 --- [restartedMain] CachingDelegateEncryptablePropertySource : Property Source systemEnvironment refreshed
2023-09-24 12:16:24.673  INFO 16960 --- [restartedMain] CachingDelegateEncryptablePropertySource : Property Source random refreshed
2023-09-24 12:16:24.673  INFO 16960 --- [restartedMain] CachingDelegateEncryptablePropertySource : Property Source Config resource 'class path resource [application.yml]' via location 'optional:classpath:/' refreshed
2023-09-24 12:16:24.673  INFO 16960 --- [restartedMain] CachingDelegateEncryptablePropertySource : Property Source devtools refreshed
2023-09-24 12:16:24.673  INFO 16960 --- [restartedMain] c.u.j.EncryptablePropertySourceConverter : Converting PropertySource server.ports [org.springframework.core.env.MapPropertySource] to EncryptableMapPropertySourceWrapper
2023-09-24 12:16:24.673  INFO 16960 --- [restartedMain] c.u.j.EncryptablePropertySourceConverter : Skipping PropertySource configurationProperties [class org.springframework.boot.context.properties.source.ConfigurationPropertySourcesPropertySource
2023-09-24 12:16:24.673  INFO 16960 --- [restartedMain] c.u.j.EncryptablePropertySourceConverter : Skipping PropertySource servletConfigInitParams [class org.springframework.core.env.PropertySource$StubPropertySource
2023-09-24 12:16:24.673  INFO 16960 --- [restartedMain] c.u.j.EncryptablePropertySourceConverter : Converting PropertySource servletContextInitParams [org.springframework.web.context.support.ServletContextPropertySource] to EncryptableEnumerablePropertySourceWrapper
2023-09-24 12:16:24.673  INFO 16960 --- [restartedMain] c.u.j.EncryptablePropertySourceConverter : Converting PropertySource Management Server [org.springframework.boot.actuate.autoconfigure.web.server.ManagementContextAutoConfiguration$SameManagementContextConfiguration$1] to EncryptablePropertySourceWrapper
2023-09-24 12:16:24.704  INFO 16960 --- [restartedMain] cn.zwz.ZwzApplication                    : Started ZwzApplication in 6.422 seconds (JVM running for 7.019)
2023-09-24 12:16:25.195  INFO 16960 --- [RMI TCP Connection(5)-172.31.20.51] o.a.c.c.C.[Tomcat].[localhost].[/]       : Initializing Spring DispatcherServlet 'dispatcherServlet'
2023-09-24 12:16:25.195  INFO 16960 --- [RMI TCP Connection(5)-172.31.20.51] o.s.web.servlet.DispatcherServlet        : Initializing Servlet 'dispatcherServlet'
2023-09-24 12:16:25.196  INFO 16960 --- [RMI TCP Connection(5)-172.31.20.51] o.s.web.servlet.DispatcherServlet        : Completed initialization in 1 ms
2023-09-24 12:29:04.265  INFO 16960 --- [SpringApplicationShutdownHook] o.s.b.w.e.tomcat.GracefulShutdown        : Commencing graceful shutdown. Waiting for active requests to complete
2023-09-24 12:29:04.272  INFO 16960 --- [tomcat-shutdown] o.s.b.w.e.tomcat.GracefulShutdown        : Graceful shutdown complete
2023-09-24 12:29:04.292  INFO 16960 --- [SpringApplicationShutdownHook] o.s.i.endpoint.EventDrivenConsumer       : Removing {logging-channel-adapter:_org.springframework.integration.errorLogger} as a subscriber to the 'errorChannel' channel
2023-09-24 12:29:04.292  INFO 16960 --- [SpringApplicationShutdownHook] o.s.i.channel.PublishSubscribeChannel    : Channel 'application.errorChannel' has 0 subscriber(s).
2023-09-24 12:29:04.292  INFO 16960 --- [SpringApplicationShutdownHook] o.s.i.endpoint.EventDrivenConsumer       : stopped bean '_org.springframework.integration.errorLogger'
2023-09-24 12:29:04.300  INFO 16960 --- [SpringApplicationShutdownHook] j.LocalContainerEntityManagerFactoryBean : Closing JPA EntityManagerFactory for persistence unit 'default'
2023-09-24 12:29:04.310  INFO 16960 --- [SpringApplicationShutdownHook] com.alibaba.druid.pool.DruidDataSource   : {dataSource-1} closing ...
2023-09-24 12:29:04.313  INFO 16960 --- [SpringApplicationShutdownHook] com.alibaba.druid.pool.DruidDataSource   : {dataSource-1} closed
2023-09-24 12:35:21.006  INFO 6360 --- [restartedMain] cn.zwz.ZwzApplication                    : Starting ZwzApplication using Java 17.0.7 on PC-20230501YQCX with PID 6360 (E:\devEnvironment\IDEA_Programs\bill-system\back\target\classes started by XinChen in E:\devEnvironment\IDEA_Programs\bill-system)
2023-09-24 12:35:21.007  INFO 6360 --- [restartedMain] cn.zwz.ZwzApplication                    : No active profile set, falling back to default profiles: default
2023-09-24 12:35:21.041  INFO 6360 --- [restartedMain] .e.DevToolsPropertyDefaultsPostProcessor : Devtools property defaults active! Set 'spring.devtools.add-properties' to 'false' to disable
2023-09-24 12:35:21.041  INFO 6360 --- [restartedMain] .e.DevToolsPropertyDefaultsPostProcessor : For additional web related logging consider setting the 'logging.level.web' property to 'DEBUG'
2023-09-24 12:35:21.843  INFO 6360 --- [restartedMain] .s.d.r.c.RepositoryConfigurationDelegate : Multiple Spring Data modules found, entering strict repository configuration mode!
2023-09-24 12:35:21.844  INFO 6360 --- [restartedMain] .s.d.r.c.RepositoryConfigurationDelegate : Bootstrapping Spring Data JPA repositories in DEFAULT mode.
2023-09-24 12:35:22.032  INFO 6360 --- [restartedMain] .s.d.r.c.RepositoryConfigurationDelegate : Finished Spring Data repository scanning in 184 ms. Found 2 JPA repository interfaces.
2023-09-24 12:35:22.039  INFO 6360 --- [restartedMain] .s.d.r.c.RepositoryConfigurationDelegate : Multiple Spring Data modules found, entering strict repository configuration mode!
2023-09-24 12:35:22.040  INFO 6360 --- [restartedMain] .s.d.r.c.RepositoryConfigurationDelegate : Bootstrapping Spring Data Redis repositories in DEFAULT mode.
2023-09-24 12:35:22.056  INFO 6360 --- [restartedMain] .RepositoryConfigurationExtensionSupport : Spring Data Redis - Could not safely identify store assignment for repository candidate interface cn.zwz.data.dao.LogDao. If you want this repository to be a Redis repository, consider annotating your entities with one of these annotations: org.springframework.data.redis.core.RedisHash (preferred), or consider extending one of the following types with your repository: org.springframework.data.keyvalue.repository.KeyValueRepository.
2023-09-24 12:35:22.057  INFO 6360 --- [restartedMain] .RepositoryConfigurationExtensionSupport : Spring Data Redis - Could not safely identify store assignment for repository candidate interface cn.zwz.data.dao.UserDao. If you want this repository to be a Redis repository, consider annotating your entities with one of these annotations: org.springframework.data.redis.core.RedisHash (preferred), or consider extending one of the following types with your repository: org.springframework.data.keyvalue.repository.KeyValueRepository.
2023-09-24 12:35:22.057  INFO 6360 --- [restartedMain] .s.d.r.c.RepositoryConfigurationDelegate : Finished Spring Data repository scanning in 12 ms. Found 0 Redis repository interfaces.
2023-09-24 12:35:22.176  INFO 6360 --- [restartedMain] faultConfiguringBeanFactoryPostProcessor : No bean named 'errorChannel' has been explicitly defined. Therefore, a default PublishSubscribeChannel will be created.
2023-09-24 12:35:22.184  INFO 6360 --- [restartedMain] faultConfiguringBeanFactoryPostProcessor : No bean named 'integrationHeaderChannelRegistry' has been explicitly defined. Therefore, a default DefaultHeaderChannelRegistry will be created.
2023-09-24 12:35:22.340  INFO 6360 --- [restartedMain] ptablePropertiesBeanFactoryPostProcessor : Post-processing PropertySource instances
2023-09-24 12:35:22.341  INFO 6360 --- [restartedMain] c.u.j.EncryptablePropertySourceConverter : Skipping PropertySource configurationProperties [class org.springframework.boot.context.properties.source.ConfigurationPropertySourcesPropertySource
2023-09-24 12:35:22.342  INFO 6360 --- [restartedMain] c.u.j.EncryptablePropertySourceConverter : Skipping PropertySource servletConfigInitParams [class org.springframework.core.env.PropertySource$StubPropertySource
2023-09-24 12:35:22.342  INFO 6360 --- [restartedMain] c.u.j.EncryptablePropertySourceConverter : Skipping PropertySource servletContextInitParams [class org.springframework.core.env.PropertySource$StubPropertySource
2023-09-24 12:35:22.343  INFO 6360 --- [restartedMain] c.u.j.EncryptablePropertySourceConverter : Converting PropertySource systemProperties [org.springframework.core.env.PropertiesPropertySource] to EncryptableMapPropertySourceWrapper
2023-09-24 12:35:22.343  INFO 6360 --- [restartedMain] c.u.j.EncryptablePropertySourceConverter : Converting PropertySource systemEnvironment [org.springframework.boot.env.SystemEnvironmentPropertySourceEnvironmentPostProcessor$OriginAwareSystemEnvironmentPropertySource] to EncryptableSystemEnvironmentPropertySourceWrapper
2023-09-24 12:35:22.343  INFO 6360 --- [restartedMain] c.u.j.EncryptablePropertySourceConverter : Converting PropertySource random [org.springframework.boot.env.RandomValuePropertySource] to EncryptablePropertySourceWrapper
2023-09-24 12:35:22.343  INFO 6360 --- [restartedMain] c.u.j.EncryptablePropertySourceConverter : Converting PropertySource Config resource 'class path resource [application.yml]' via location 'optional:classpath:/' [org.springframework.boot.env.OriginTrackedMapPropertySource] to EncryptableMapPropertySourceWrapper
2023-09-24 12:35:22.343  INFO 6360 --- [restartedMain] c.u.j.EncryptablePropertySourceConverter : Converting PropertySource devtools [org.springframework.core.env.MapPropertySource] to EncryptableMapPropertySourceWrapper
2023-09-24 12:35:22.518  INFO 6360 --- [restartedMain] trationDelegate$BeanPostProcessorChecker : Bean 'redisExceptionThrowsConfig' of type [cn.zwz.basics.redis.RedisExceptionThrowsConfig$$EnhancerBySpringCGLIB$$468d63a4] is not eligible for getting processed by all BeanPostProcessors (for example: not eligible for auto-proxying)
2023-09-24 12:35:22.557  INFO 6360 --- [restartedMain] trationDelegate$BeanPostProcessorChecker : Bean 'org.springframework.integration.config.IntegrationManagementConfiguration' of type [org.springframework.integration.config.IntegrationManagementConfiguration] is not eligible for getting processed by all BeanPostProcessors (for example: not eligible for auto-proxying)
2023-09-24 12:35:22.567  INFO 6360 --- [restartedMain] trationDelegate$BeanPostProcessorChecker : Bean 'integrationChannelResolver' of type [org.springframework.integration.support.channel.BeanFactoryChannelResolver] is not eligible for getting processed by all BeanPostProcessors (for example: not eligible for auto-proxying)
2023-09-24 12:35:22.647  INFO 6360 --- [restartedMain] c.u.j.filter.DefaultLazyPropertyFilter   : Property Filter custom Bean not found with name 'encryptablePropertyFilter'. Initializing Default Property Filter
2023-09-24 12:35:22.654  INFO 6360 --- [restartedMain] c.u.j.r.DefaultLazyPropertyResolver      : Property Resolver custom Bean not found with name 'encryptablePropertyResolver'. Initializing Default Property Resolver
2023-09-24 12:35:22.655  INFO 6360 --- [restartedMain] c.u.j.d.DefaultLazyPropertyDetector      : Property Detector custom Bean not found with name 'encryptablePropertyDetector'. Initializing Default Property Detector
2023-09-24 12:35:22.834  INFO 6360 --- [restartedMain] o.s.b.w.embedded.tomcat.TomcatWebServer  : Tomcat initialized with port(s): 8081 (http)
2023-09-24 12:35:22.841  INFO 6360 --- [restartedMain] o.apache.catalina.core.StandardService   : Starting service [Tomcat]
2023-09-24 12:35:22.841  INFO 6360 --- [restartedMain] org.apache.catalina.core.StandardEngine  : Starting Servlet engine: [Apache Tomcat/9.0.56]
2023-09-24 12:35:22.901  INFO 6360 --- [restartedMain] o.a.c.c.C.[Tomcat].[localhost].[/]       : Initializing Spring embedded WebApplicationContext
2023-09-24 12:35:22.901  INFO 6360 --- [restartedMain] w.s.c.ServletWebServerApplicationContext : Root WebApplicationContext: initialization completed in 1860 ms
2023-09-24 12:35:23.100  INFO 6360 --- [restartedMain] c.a.d.s.b.a.DruidDataSourceAutoConfigure : Init DruidDataSource
2023-09-24 12:35:23.205  INFO 6360 --- [restartedMain] com.alibaba.druid.pool.DruidDataSource   : {dataSource-1} inited
2023-09-24 12:35:23.415  INFO 6360 --- [restartedMain] org.redisson.Version                     : Redisson 3.16.8
2023-09-24 12:35:23.622  INFO 6360 --- [redisson-netty-2-16] o.r.c.pool.MasterPubSubConnectionPool    : 1 connections initialized for localhost/127.0.0.1:6379
2023-09-24 12:35:23.642  INFO 6360 --- [redisson-netty-2-21] o.r.c.pool.MasterConnectionPool          : 24 connections initialized for localhost/127.0.0.1:6379
2023-09-24 12:35:23.940  INFO 6360 --- [restartedMain] c.z.basics.baseClass.BeansConfiguration  : 初始化PathMatcher成功
2023-09-24 12:35:23.944  WARN 6360 --- [restartedMain] c.z.b.s.p.MyFilterSecurityInterceptor    : Could not validate configuration attributes as the SecurityMetadataSource did not return any attributes from getAllConfigAttributes()
2023-09-24 12:35:24.055  INFO 6360 --- [restartedMain] o.hibernate.jpa.internal.util.LogHelper  : HHH000204: Processing PersistenceUnitInfo [name: default]
2023-09-24 12:35:24.092  INFO 6360 --- [restartedMain] org.hibernate.Version                    : HHH000412: Hibernate ORM core version 5.6.4.Final
2023-09-24 12:35:24.207  INFO 6360 --- [restartedMain] o.hibernate.annotations.common.Version   : HCANN000001: Hibernate Commons Annotations {5.1.2.Final}
2023-09-24 12:35:24.366  INFO 6360 --- [restartedMain] org.hibernate.dialect.Dialect            : HHH000400: Using dialect: org.hibernate.dialect.MySQL8Dialect
2023-09-24 12:35:24.949  INFO 6360 --- [restartedMain] o.h.e.t.j.p.i.JtaPlatformInitiator       : HHH000490: Using JtaPlatform implementation: [org.hibernate.engine.transaction.jta.platform.internal.NoJtaPlatform]
2023-09-24 12:35:24.955  INFO 6360 --- [restartedMain] j.LocalContainerEntityManagerFactoryBean : Initialized JPA EntityManagerFactory for persistence unit 'default'
2023-09-24 12:35:25.347  WARN 6360 --- [restartedMain] JpaBaseConfiguration$JpaWebConfiguration : spring.jpa.open-in-view is enabled by default. Therefore, database queries may be performed during view rendering. Explicitly configure spring.jpa.open-in-view to disable this warning
2023-09-24 12:35:25.820  INFO 6360 --- [restartedMain] c.z.basics.baseClass.BeansConfiguration  : 初始化线程池成功
2023-09-24 12:35:26.034  INFO 6360 --- [restartedMain] c.z.basics.redis.InterceptConfiguration  : 拦截器加载成功
2023-09-24 12:35:26.669  INFO 6360 --- [restartedMain] o.s.b.a.e.web.EndpointLinksResolver      : Exposing 15 endpoint(s) beneath base path '/zwz/actuator'
2023-09-24 12:35:26.694  INFO 6360 --- [restartedMain] o.s.s.web.DefaultSecurityFilterChain     : Will secure any request with [org.springframework.security.web.context.request.async.WebAsyncManagerIntegrationFilter@4b1c9ea3, org.springframework.security.web.context.SecurityContextPersistenceFilter@605a1454, org.springframework.security.web.header.HeaderWriterFilter@7562cf53, org.springframework.web.filter.CorsFilter@77e197c7, org.springframework.security.web.authentication.logout.LogoutFilter@42875127, cn.zwz.basics.security.validate.ImageValidateFilter$$EnhancerBySpringCGLIB$$643fa003@5106d71b, org.springframework.security.web.authentication.UsernamePasswordAuthenticationFilter@42304168, cn.zwz.basics.security.jwt.JwtRoleFilter@568776d2, org.springframework.security.web.savedrequest.RequestCacheAwareFilter@5cc91454, org.springframework.security.web.servletapi.SecurityContextHolderAwareRequestFilter@43a0195f, org.springframework.security.web.authentication.AnonymousAuthenticationFilter@32b273c1, org.springframework.security.web.session.SessionManagementFilter@2f6d260b, org.springframework.security.web.access.ExceptionTranslationFilter@7898ae5f, cn.zwz.basics.security.permission.MyFilterSecurityInterceptor@797c4309, org.springframework.security.web.access.intercept.FilterSecurityInterceptor@6b1fd2fb]
2023-09-24 12:35:26.750  INFO 6360 --- [restartedMain] o.s.b.d.a.OptionalLiveReloadServer       : LiveReload server is running on port 35729
2023-09-24 12:35:26.903  INFO 6360 --- [restartedMain] o.s.i.endpoint.EventDrivenConsumer       : Adding {logging-channel-adapter:_org.springframework.integration.errorLogger} as a subscriber to the 'errorChannel' channel
2023-09-24 12:35:26.904  INFO 6360 --- [restartedMain] o.s.i.channel.PublishSubscribeChannel    : Channel 'application.errorChannel' has 1 subscriber(s).
2023-09-24 12:35:26.904  INFO 6360 --- [restartedMain] o.s.i.endpoint.EventDrivenConsumer       : started bean '_org.springframework.integration.errorLogger'
2023-09-24 12:35:26.912  INFO 6360 --- [restartedMain] o.s.b.w.embedded.tomcat.TomcatWebServer  : Tomcat started on port(s): 8081 (http) with context path ''
2023-09-24 12:35:26.913  INFO 6360 --- [restartedMain] u.j.c.RefreshScopeRefreshedEventListener : Refreshing cached encryptable property sources on ServletWebServerInitializedEvent
2023-09-24 12:35:26.913  INFO 6360 --- [restartedMain] CachingDelegateEncryptablePropertySource : Property Source systemProperties refreshed
2023-09-24 12:35:26.913  INFO 6360 --- [restartedMain] CachingDelegateEncryptablePropertySource : Property Source systemEnvironment refreshed
2023-09-24 12:35:26.913  INFO 6360 --- [restartedMain] CachingDelegateEncryptablePropertySource : Property Source random refreshed
2023-09-24 12:35:26.913  INFO 6360 --- [restartedMain] CachingDelegateEncryptablePropertySource : Property Source Config resource 'class path resource [application.yml]' via location 'optional:classpath:/' refreshed
2023-09-24 12:35:26.913  INFO 6360 --- [restartedMain] CachingDelegateEncryptablePropertySource : Property Source devtools refreshed
2023-09-24 12:35:26.914  INFO 6360 --- [restartedMain] c.u.j.EncryptablePropertySourceConverter : Converting PropertySource server.ports [org.springframework.core.env.MapPropertySource] to EncryptableMapPropertySourceWrapper
2023-09-24 12:35:26.914  INFO 6360 --- [restartedMain] c.u.j.EncryptablePropertySourceConverter : Skipping PropertySource configurationProperties [class org.springframework.boot.context.properties.source.ConfigurationPropertySourcesPropertySource
2023-09-24 12:35:26.914  INFO 6360 --- [restartedMain] c.u.j.EncryptablePropertySourceConverter : Skipping PropertySource servletConfigInitParams [class org.springframework.core.env.PropertySource$StubPropertySource
2023-09-24 12:35:26.914  INFO 6360 --- [restartedMain] c.u.j.EncryptablePropertySourceConverter : Converting PropertySource servletContextInitParams [org.springframework.web.context.support.ServletContextPropertySource] to EncryptableEnumerablePropertySourceWrapper
2023-09-24 12:35:26.914  INFO 6360 --- [restartedMain] c.u.j.EncryptablePropertySourceConverter : Converting PropertySource Management Server [org.springframework.boot.actuate.autoconfigure.web.server.ManagementContextAutoConfiguration$SameManagementContextConfiguration$1] to EncryptablePropertySourceWrapper
2023-09-24 12:35:26.942  INFO 6360 --- [restartedMain] cn.zwz.ZwzApplication                    : Started ZwzApplication in 6.202 seconds (JVM running for 6.755)
2023-09-24 12:35:27.052  INFO 6360 --- [RMI TCP Connection(5)-172.31.20.51] o.a.c.c.C.[Tomcat].[localhost].[/]       : Initializing Spring DispatcherServlet 'dispatcherServlet'
2023-09-24 12:35:27.052  INFO 6360 --- [RMI TCP Connection(5)-172.31.20.51] o.s.web.servlet.DispatcherServlet        : Initializing Servlet 'dispatcherServlet'
2023-09-24 12:35:27.054  INFO 6360 --- [RMI TCP Connection(5)-172.31.20.51] o.s.web.servlet.DispatcherServlet        : Completed initialization in 2 ms
2023-09-24 12:35:29.090  INFO 6360 --- [SpringApplicationShutdownHook] o.s.b.w.e.tomcat.GracefulShutdown        : Commencing graceful shutdown. Waiting for active requests to complete
2023-09-24 12:35:29.096  INFO 6360 --- [tomcat-shutdown] o.s.b.w.e.tomcat.GracefulShutdown        : Graceful shutdown complete
2023-09-24 12:35:29.115  INFO 6360 --- [SpringApplicationShutdownHook] o.s.i.endpoint.EventDrivenConsumer       : Removing {logging-channel-adapter:_org.springframework.integration.errorLogger} as a subscriber to the 'errorChannel' channel
2023-09-24 12:35:29.115  INFO 6360 --- [SpringApplicationShutdownHook] o.s.i.channel.PublishSubscribeChannel    : Channel 'application.errorChannel' has 0 subscriber(s).
2023-09-24 12:35:29.115  INFO 6360 --- [SpringApplicationShutdownHook] o.s.i.endpoint.EventDrivenConsumer       : stopped bean '_org.springframework.integration.errorLogger'
2023-09-24 12:35:29.122  INFO 6360 --- [SpringApplicationShutdownHook] j.LocalContainerEntityManagerFactoryBean : Closing JPA EntityManagerFactory for persistence unit 'default'
2023-09-24 12:35:29.132  INFO 6360 --- [SpringApplicationShutdownHook] com.alibaba.druid.pool.DruidDataSource   : {dataSource-1} closing ...
2023-09-24 12:35:29.136  INFO 6360 --- [SpringApplicationShutdownHook] com.alibaba.druid.pool.DruidDataSource   : {dataSource-1} closed
